<?xml version="1.0" encoding="UTF-8"?>
<testng-results ignored="0" total="1" passed="1" failed="0" skipped="0">
  <reporter-output>
  </reporter-output>
  <suite started-at="2024-06-02T17:44:47 IST" name="Default suite" finished-at="2024-06-02T17:45:39 IST" duration-ms="52357">
    <groups>
    </groups>
    <test started-at="2024-06-02T17:44:47 IST" name="Default test" finished-at="2024-06-02T17:45:39 IST" duration-ms="52357">
      <class name="Programs.Alert">
        <test-method is-config="true" signature="beforeTest()[pri:0, instance:Programs.Alert@5e0826e7]" started-at="2024-06-02T17:44:47 IST" name="beforeTest" finished-at="2024-06-02T17:45:36 IST" duration-ms="49120" status="PASS">
          <reporter-output>
          </reporter-output>
        </test-method> <!-- beforeTest -->
        <test-method signature="f()[pri:0, instance:Programs.Alert@5e0826e7]" started-at="2024-06-02T17:45:36 IST" name="f" finished-at="2024-06-02T17:45:39 IST" duration-ms="3153" status="PASS">
          <reporter-output>
          </reporter-output>
        </test-method> <!-- f -->
        <test-method is-config="true" signature="afterTest()[pri:0, instance:Programs.Alert@5e0826e7]" started-at="2024-06-02T17:45:39 IST" name="afterTest" finished-at="2024-06-02T17:45:39 IST" duration-ms="0" status="PASS">
          <reporter-output>
          </reporter-output>
        </test-method> <!-- afterTest -->
      </class> <!-- Programs.Alert -->
    </test> <!-- Default test -->
  </suite> <!-- Default suite -->
</testng-results>
